<?xml version="1.0" encoding="UTF-8"?>
<!-- Generated by org.testng.reporters.JUnitXMLReporter -->
<testsuite ignored="0" hostname="Shashanks-MacBook-Pro.local" failures="0" tests="2" name="Default test" time="3.834" errors="0" timestamp="16 Feb 2020 17:07:44 GMT">
  <testcase classname="sashselenium.java.testng.FirstTestNG" name="myfirstTestcase" time="3.813"/>
  <testcase classname="sashselenium.java.testng.FirstTestNG" name="mysecondTestcase" time="0.001"/>
</testsuite> <!-- Default test -->
