<?xml version="1.0" encoding="UTF-8"?>
<testng-results ignored="0" total="2" passed="2" failed="0" skipped="0">
  <reporter-output>
  </reporter-output>
  <suite started-at="2020-02-16T17:07:40Z" name="Default suite" finished-at="2020-02-16T17:07:44Z" duration-ms="3834">
    <groups>
    </groups>
    <test started-at="2020-02-16T17:07:40Z" name="Default test" finished-at="2020-02-16T17:07:44Z" duration-ms="3834">
      <class name="sashselenium.java.testng.FirstTestNG">
        <test-method is-config="true" signature="beforeTest()[pri:0, instance:sashselenium.java.testng.FirstTestNG@69b794e2]" started-at="2020-02-16T11:07:40Z" name="beforeTest" finished-at="2020-02-16T11:07:40Z" duration-ms="6" status="PASS">
          <reporter-output>
          </reporter-output>
        </test-method> <!-- beforeTest -->
        <test-method signature="myfirstTestcase()[pri:0, instance:sashselenium.java.testng.FirstTestNG@69b794e2]" started-at="2020-02-16T11:07:40Z" name="myfirstTestcase" finished-at="2020-02-16T11:07:44Z" duration-ms="3813" status="PASS">
          <reporter-output>
          </reporter-output>
        </test-method> <!-- myfirstTestcase -->
        <test-method signature="mysecondTestcase()[pri:0, instance:sashselenium.java.testng.FirstTestNG@69b794e2]" started-at="2020-02-16T11:07:44Z" name="mysecondTestcase" finished-at="2020-02-16T11:07:44Z" duration-ms="1" status="PASS">
          <reporter-output>
          </reporter-output>
        </test-method> <!-- mysecondTestcase -->
        <test-method is-config="true" signature="afterTest()[pri:0, instance:sashselenium.java.testng.FirstTestNG@69b794e2]" started-at="2020-02-16T11:07:44Z" name="afterTest" finished-at="2020-02-16T11:07:44Z" duration-ms="1" status="PASS">
          <reporter-output>
          </reporter-output>
        </test-method> <!-- afterTest -->
      </class> <!-- sashselenium.java.testng.FirstTestNG -->
    </test> <!-- Default test -->
  </suite> <!-- Default suite -->
</testng-results>
